<html>
<head>
<title>TestNG:  Test A1</title>
<link href="../testng.css" rel="stylesheet" type="text/css" />
<link href="../my-testng.css" rel="stylesheet" type="text/css" />

<style type="text/css">
.log { display: none;} 
.stack-trace { display: none;} 
</style>
<script type="text/javascript">
<!--
function flip(e) {
  current = e.style.display;
  if (current == 'block') {
    e.style.display = 'none';
    return 0;
  }
  else {
    e.style.display = 'block';
    return 1;
  }
}

function toggleBox(szDivId, elem, msg1, msg2)
{
  var res = -1;  if (document.getElementById) {
    res = flip(document.getElementById(szDivId));
  }
  else if (document.all) {
    // this is the way old msie versions work
    res = flip(document.all[szDivId]);
  }
  if(elem) {
    if(res == 0) elem.innerHTML = msg1; else elem.innerHTML = msg2;
  }

}

function toggleAllBoxes() {
  if (document.getElementsByTagName) {
    d = document.getElementsByTagName('div');
    for (i = 0; i < d.length; i++) {
      if (d[i].className == 'log') {
        flip(d[i]);
      }
    }
  }
}

// -->
</script>

</head>
<body>
<h2 align='center'>Test A1</h2><table border='1' align="center">
<tr>
<td>Tests passed/Failed/Skipped:</td><td>2/0/2</td>
</tr><tr>
<td>Started on:</td><td>Sun Nov 13 03:49:28 GMT+05:30 2011</td>
</tr>
<tr><td>Total time:</td><td>0 seconds (406 ms)</td>
</tr><tr>
<td>Included groups:</td><td></td>
</tr><tr>
<td>Excluded groups:</td><td></td>
</tr>
</table><p/>
<small><i>(Hover the method name to see the test class name)</i></small><p/>
<table width='100%' border='1' class='invocation-passed'>
<tr><td colspan='4' align='center'><b>PASSED TESTS</b></td></tr>
<tr><td><b>Test method</b></td>
<td width="30%"><b>Exception</b></td>
<td width="10%"><b>Time (seconds)</b></td>
<td><b>Instance</b></td>
</tr>
<tr>
<td title='com.qtpselenium.suiteA.TestCase_A1.testcaseA1()'><b>testcaseA1</b><br>Test class: com.qtpselenium.suiteA.TestCase_A1<br>Parameters: Dummy Data_A1_1, Dummy Data_A1_2, Dummy Data_A1_3, Dummy Data_A1_4</td>
<td></td>
<td>0</td>
<td>com.qtpselenium.suiteA.TestCase_A1@ed7f5c</td></tr>
<tr>
<td title='com.qtpselenium.suiteA.TestCase_A1.testcaseA1()'><b>testcaseA1</b><br>Test class: com.qtpselenium.suiteA.TestCase_A1<br>Parameters: Dummy Data_A1_13, Dummy Data_A1_14, Dummy Data_A1_15, Dummy Data_A1_16</td>
<td></td>
<td>0</td>
<td>com.qtpselenium.suiteA.TestCase_A1@ed7f5c</td></tr>
</table><p>
<table width='100%' border='1' class='invocation-skipped'>
<tr><td colspan='4' align='center'><b>SKIPPED TESTS</b></td></tr>
<tr><td><b>Test method</b></td>
<td width="30%"><b>Exception</b></td>
<td width="10%"><b>Time (seconds)</b></td>
<td><b>Instance</b></td>
</tr>
<tr>
<td title='com.qtpselenium.suiteA.TestCase_A1.testcaseA1()'><b>testcaseA1</b><br>Test class: com.qtpselenium.suiteA.TestCase_A1<br>Parameters: Dummy Data_A1_5, Dummy Data_A1_6, Dummy Data_A1_7, Dummy Data_A1_8</td>
<td><div><pre>org.testng.SkipException: Runmode for test set data set to no 1
	at com.qtpselenium.suiteA.TestCase_A1.testcaseA1(TestCase_A1.java:45)
... Removed 25 stack frames</pre></div><a href='#' onClick='toggleBox("stack-trace23801182", this, "Click to show all stack frames", "Click to hide stack frames")'>Click to show all stack frames</a>
<div class='stack-trace' id='stack-trace23801182'><pre>org.testng.SkipException: Runmode for test set data set to no 1
	at com.qtpselenium.suiteA.TestCase_A1.testcaseA1(TestCase_A1.java:45)
	at sun.reflect.NativeMethodAccessorImpl.invoke0(Native Method)
	at sun.reflect.NativeMethodAccessorImpl.invoke(Unknown Source)
	at sun.reflect.DelegatingMethodAccessorImpl.invoke(Unknown Source)
	at java.lang.reflect.Method.invoke(Unknown Source)
	at org.testng.internal.MethodInvocationHelper.invokeMethod(MethodInvocationHelper.java:74)
	at org.testng.internal.Invoker.invokeMethod(Invoker.java:673)
	at org.testng.internal.Invoker.invokeTestMethod(Invoker.java:846)
	at org.testng.internal.Invoker.invokeTestMethods(Invoker.java:1170)
	at org.testng.internal.TestMethodWorker.invokeTestMethods(TestMethodWorker.java:125)
	at org.testng.internal.TestMethodWorker.run(TestMethodWorker.java:109)
	at org.testng.TestRunner.runWorkers(TestRunner.java:1125)
	at org.testng.TestRunner.privateRun(TestRunner.java:749)
	at org.testng.TestRunner.run(TestRunner.java:600)
	at org.testng.SuiteRunner.runTest(SuiteRunner.java:317)
	at org.testng.SuiteRunner.runSequentially(SuiteRunner.java:312)
	at org.testng.SuiteRunner.privateRun(SuiteRunner.java:274)
	at org.testng.SuiteRunner.run(SuiteRunner.java:223)
	at org.testng.SuiteRunnerWorker.runSuite(SuiteRunnerWorker.java:52)
	at org.testng.SuiteRunnerWorker.run(SuiteRunnerWorker.java:86)
	at org.testng.TestNG.runSuitesSequentially(TestNG.java:1031)
	at org.testng.TestNG.runSuitesSequentially(TestNG.java:1027)
	at org.testng.TestNG.runSuitesLocally(TestNG.java:956)
	at org.testng.TestNG.run(TestNG.java:892)
	at org.testng.TestNG.privateMain(TestNG.java:1174)
	at org.testng.TestNG.main(TestNG.java:1138)
</pre></div></td>
<td>0</td>
<td>com.qtpselenium.suiteA.TestCase_A1@ed7f5c</td></tr>
<tr>
<td title='com.qtpselenium.suiteA.TestCase_A1.testcaseA1()'><b>testcaseA1</b><br>Test class: com.qtpselenium.suiteA.TestCase_A1<br>Parameters: Dummy Data_A1_9, Dummy Data_A1_10, Dummy Data_A1_11, Dummy Data_A1_12</td>
<td><div><pre>org.testng.SkipException: Runmode for test set data set to no 2
	at com.qtpselenium.suiteA.TestCase_A1.testcaseA1(TestCase_A1.java:45)
... Removed 25 stack frames</pre></div><a href='#' onClick='toggleBox("stack-trace17914961", this, "Click to show all stack frames", "Click to hide stack frames")'>Click to show all stack frames</a>
<div class='stack-trace' id='stack-trace17914961'><pre>org.testng.SkipException: Runmode for test set data set to no 2
	at com.qtpselenium.suiteA.TestCase_A1.testcaseA1(TestCase_A1.java:45)
	at sun.reflect.NativeMethodAccessorImpl.invoke0(Native Method)
	at sun.reflect.NativeMethodAccessorImpl.invoke(Unknown Source)
	at sun.reflect.DelegatingMethodAccessorImpl.invoke(Unknown Source)
	at java.lang.reflect.Method.invoke(Unknown Source)
	at org.testng.internal.MethodInvocationHelper.invokeMethod(MethodInvocationHelper.java:74)
	at org.testng.internal.Invoker.invokeMethod(Invoker.java:673)
	at org.testng.internal.Invoker.invokeTestMethod(Invoker.java:846)
	at org.testng.internal.Invoker.invokeTestMethods(Invoker.java:1170)
	at org.testng.internal.TestMethodWorker.invokeTestMethods(TestMethodWorker.java:125)
	at org.testng.internal.TestMethodWorker.run(TestMethodWorker.java:109)
	at org.testng.TestRunner.runWorkers(TestRunner.java:1125)
	at org.testng.TestRunner.privateRun(TestRunner.java:749)
	at org.testng.TestRunner.run(TestRunner.java:600)
	at org.testng.SuiteRunner.runTest(SuiteRunner.java:317)
	at org.testng.SuiteRunner.runSequentially(SuiteRunner.java:312)
	at org.testng.SuiteRunner.privateRun(SuiteRunner.java:274)
	at org.testng.SuiteRunner.run(SuiteRunner.java:223)
	at org.testng.SuiteRunnerWorker.runSuite(SuiteRunnerWorker.java:52)
	at org.testng.SuiteRunnerWorker.run(SuiteRunnerWorker.java:86)
	at org.testng.TestNG.runSuitesSequentially(TestNG.java:1031)
	at org.testng.TestNG.runSuitesSequentially(TestNG.java:1027)
	at org.testng.TestNG.runSuitesLocally(TestNG.java:956)
	at org.testng.TestNG.run(TestNG.java:892)
	at org.testng.TestNG.privateMain(TestNG.java:1174)
	at org.testng.TestNG.main(TestNG.java:1138)
</pre></div></td>
<td>0</td>
<td>com.qtpselenium.suiteA.TestCase_A1@ed7f5c</td></tr>
</table><p>
</body>
</html>